<?xml version="1.0" encoding="UTF-8"?>
<!-- Generated by org.testng.reporters.JUnitReportReporter -->
<testsuite skipped="0" hostname="LAPTOP-0NV2K68R" name="testCases.HomePageTest" tests="5" failures="0" timestamp="2020-12-24T23:55:44 IST" time="23.500" errors="0">
  <testcase name="validateSplashScreen1" time="5.090" classname="testCases.HomePageTest"/>
  <system-out/>
  <testcase name="validateSplashScreen2" time="0.940" classname="testCases.HomePageTest"/>
  <system-out/>
  <testcase name="validateSplashScreen3" time="5.243" classname="testCases.HomePageTest"/>
  <system-out/>
  <testcase name="VerifypageTitle" time="10.315" classname="testCases.HomePageTest"/>
  <system-out/>
  <testcase name="verifySignUpButton" time="1.912" classname="testCases.HomePageTest"/>
  <system-out/>
</testsuite> <!-- testCases.HomePageTest -->
