<?xml version="1.0" encoding="UTF-8"?>
<!-- Generated by org.testng.reporters.JUnitReportReporter -->
<testsuite skipped="0" hostname="LAPTOP-0NV2K68R" name="testCases.SplashScreenTest" tests="3" failures="0" timestamp="2020-12-24T23:55:44 IST" time="10.839" errors="0">
  <testcase name="validateSplashScreen1" time="4.753" classname="testCases.SplashScreenTest"/>
  <system-out/>
  <testcase name="validateSplashScreen2" time="0.881" classname="testCases.SplashScreenTest"/>
  <system-out/>
  <testcase name="validateSplashScreen3" time="5.205" classname="testCases.SplashScreenTest"/>
  <system-out/>
</testsuite> <!-- testCases.SplashScreenTest -->
