<?xml version="1.0" encoding="UTF-8"?>
<!-- Generated by org.testng.reporters.JUnitReportReporter -->
<testsuite skipped="0" hostname="LAPTOP-0NV2K68R" name="testCases.A_UnorganiseFeedTest" tests="4" failures="0" timestamp="2020-12-23T19:44:38 IST" time="18.859" errors="0">
  <testcase name="ValidateNextButton1" time="5.167" classname="testCases.A_UnorganiseFeedTest"/>
  <system-out/>
  <testcase name="ValidateGetStartedButton" time="0.868" classname="testCases.A_UnorganiseFeedTest"/>
  <system-out/>
  <testcase name="ValidateTermConditionButton" time="1.414" classname="testCases.A_UnorganiseFeedTest"/>
  <system-out/>
  <testcase name="VerifypageTitle" time="11.410" classname="testCases.A_UnorganiseFeedTest"/>
  <system-out/>
</testsuite> <!-- testCases.A_UnorganiseFeedTest -->
