<?xml version="1.0" encoding="UTF-8"?>
<!-- Generated by org.testng.reporters.JUnitReportReporter -->
<testsuite skipped="0" hostname="LAPTOP-0NV2K68R" name="testCases.A_UnorganiseFeedTest" tests="4" failures="0" timestamp="23 Dec 2020 18:09:45 GMT" time="22.615" errors="0">
  <testcase name="ValidateNextButton1" time="4.970" classname="testCases.A_UnorganiseFeedTest"/>
  <testcase name="ValidateGetStartedButton" time="0.986" classname="testCases.A_UnorganiseFeedTest"/>
  <testcase name="ValidateTermConditionButton" time="5.245" classname="testCases.A_UnorganiseFeedTest"/>
  <testcase name="VerifypageTitle" time="11.414" classname="testCases.A_UnorganiseFeedTest"/>
</testsuite> <!-- testCases.A_UnorganiseFeedTest -->
